<?xml version="1.0" encoding="UTF-8"?>
<!-- Generated by org.testng.reporters.JUnitReportReporter -->
<testsuite hostname="Nilmie" failures="0" tests="1" name="MobileTest.Mobile" time="19.530" errors="0" timestamp="2021-01-08T11:14:57 IST" skipped="0">
  <testcase classname="MobileTest.Mobile" name="test1" time="19.530"/>
  <system-out/>
</testsuite> <!-- MobileTest.Mobile -->
